var a1 = function a1(arg) {
  var a = function a(arg) {
    return arg;
  };
  return a(arg);
};
var a2 = function a2(arg) {
  var a = function a(arg) {
    return arg;
  };
  return a1(arg);
};
var a3 = function a3(arg) {
  var a = function a(arg) {
    return arg;
  };
  return a2(arg);
};
var a4 = function a4(arg) {
  var a = function a(arg) {
    return arg;
  };
  return a3(arg);
};
var a5 = function a5(arg) {
  var a = function a(arg) {
    return arg;
  };
  return a4(arg);
};
var a6 = function a6(arg) {
  var a = function a(arg) {
    return arg;
  };
  return a5(arg);
};
var a7 = function a7(arg) {
  var a = function a(arg) {
    return arg;
  };
  return a6(arg);
};
var a8 = function a8(arg) {
  var a = function a(arg) {
    return arg;
  };
  return a7(arg);
};
var a9 = function a9(arg) {
  var a = function a(arg) {
    return arg;
  };
  return a8(arg);
};
var a10 = function a10(arg) {
  var a = function a(arg) {
    return arg;
  };
  return a9(arg);
};
var a11 = function a11(arg) {
  var a = function a(arg) {
    return arg;
  };
  return a10(arg);
};
var a12 = function a12(arg) {
  var a = function a(arg) {
    return arg;
  };
  return a11(arg);
};
var a13 = function a13(arg) {
  var a = function a(arg) {
    return arg;
  };
  return a12(arg);
};
var a14 = function a14(arg) {
  var a = function a(arg) {
    return arg;
  };
  return a13(arg);
};
var a15 = function a15(arg) {
  var a = function a(arg) {
    return arg;
  };
  return a14(arg);
};
var a16 = function a16(arg) {
  var a = function a(arg) {
    return arg;
  };
  return a15(arg);
};
var a17 = function a17(arg) {
  var a = function a(arg) {
    return arg;
  };
  return a16(arg);
};
var a18 = function a18(arg) {
  var a = function a(arg) {
    return arg;
  };
  return a17(arg);
};
var a19 = function a19(arg) {
  var a = function a(arg) {
    return arg;
  };
  return a18(arg);
};
